{"numFailedTestSuites":0,"numFailedTests":0,"numPassedTestSuites":1,"numPassedTests":10,"numPendingTestSuites":0,"numPendingTests":0,"numRuntimeErrorTestSuites":0,"numTodoTests":0,"numTotalTestSuites":1,"numTotalTests":10,"openHandles":[],"snapshot":{"added":0,"didUpdate":false,"failure":false,"filesAdded":0,"filesRemoved":0,"filesRemovedList":[],"filesUnmatched":0,"filesUpdated":0,"matched":0,"total":0,"unchecked":0,"uncheckedKeysByFile":[],"unmatched":0,"updated":0},"startTime":1742409850129,"success":true,"testResults":[{"assertionResults":[{"ancestorTitles":["Mermaid Generator","createMermaidGenerator"],"duration":1,"failureDetails":[],"failureMessages":[],"fullName":"Mermaid Generator createMermaidGenerator should create diagrams directory if it does not exist","invocations":1,"location":null,"numPassingAsserts":1,"retryReasons":[],"status":"passed","title":"should create diagrams directory if it does not exist"},{"ancestorTitles":["Mermaid Generator","createMermaidGenerator"],"duration":0,"failureDetails":[],"failureMessages":[],"fullName":"Mermaid Generator createMermaidGenerator should not create diagrams directory if it already exists","invocations":1,"location":null,"numPassingAsserts":1,"retryReasons":[],"status":"passed","title":"should not create diagrams directory if it already exists"},{"ancestorTitles":["Mermaid Generator","createMermaidGenerator"],"duration":1,"failureDetails":[],"failureMessages":[],"fullName":"Mermaid Generator createMermaidGenerator should return an object with initialize method","invocations":1,"location":null,"numPassingAsserts":2,"retryReasons":[],"status":"passed","title":"should return an object with initialize method"},{"ancestorTitles":["Mermaid Generator","initialize"],"duration":0,"failureDetails":[],"failureMessages":[],"fullName":"Mermaid Generator initialize should register event handlers with lockedData","invocations":1,"location":null,"numPassingAsserts":3,"retryReasons":[],"status":"passed","title":"should register event handlers with lockedData"},{"ancestorTitles":["Mermaid Generator","initialize"],"duration":1,"failureDetails":[],"failureMessages":[],"fullName":"Mermaid Generator initialize should generate diagrams for existing flows","invocations":1,"location":null,"numPassingAsserts":1,"retryReasons":[],"status":"passed","title":"should generate diagrams for existing flows"},{"ancestorTitles":["Mermaid Generator","event handlers"],"duration":0,"failureDetails":[],"failureMessages":[],"fullName":"Mermaid Generator event handlers should generate diagram when flow is created","invocations":1,"location":null,"numPassingAsserts":1,"retryReasons":[],"status":"passed","title":"should generate diagram when flow is created"},{"ancestorTitles":["Mermaid Generator","event handlers"],"duration":0,"failureDetails":[],"failureMessages":[],"fullName":"Mermaid Generator event handlers should update diagram when flow is updated","invocations":1,"location":null,"numPassingAsserts":1,"retryReasons":[],"status":"passed","title":"should update diagram when flow is updated"},{"ancestorTitles":["Mermaid Generator","event handlers"],"duration":1,"failureDetails":[],"failureMessages":[],"fullName":"Mermaid Generator event handlers should remove diagram when flow is removed","invocations":1,"location":null,"numPassingAsserts":1,"retryReasons":[],"status":"passed","title":"should remove diagram when flow is removed"},{"ancestorTitles":["Mermaid Generator","diagram generation"],"duration":0,"failureDetails":[],"failureMessages":[],"fullName":"Mermaid Generator diagram generation should generate a valid mermaid diagram for a flow with multiple steps","invocations":1,"location":null,"numPassingAsserts":9,"retryReasons":[],"status":"passed","title":"should generate a valid mermaid diagram for a flow with multiple steps"},{"ancestorTitles":["Mermaid Generator","diagram generation"],"duration":1,"failureDetails":[],"failureMessages":[],"fullName":"Mermaid Generator diagram generation should handle empty flows","invocations":1,"location":null,"numPassingAsserts":2,"retryReasons":[],"status":"passed","title":"should handle empty flows"}],"endTime":1742409850729,"message":"","name":"/Users/mikepiccolo/code/motia/packages/core/src/__tests__/mermaid-generator.test.ts","startTime":1742409850150,"status":"passed","summary":""}],"wasInterrupted":false}
